<?xml version="1.0" encoding="UTF-8"?>
<Site BuildName="Win32-mingw32-make"
	BuildStamp="20240105-2322-Experimental"
	Name="DESKTOP-0AH7QP1"
	Generator="ctest-3.28.0-rc5"
	CompilerName="C:/msys64/ucrt64/bin/g++.exe"
	CompilerVersion="13.1.0"
	OSName="Windows"
	Hostname="DESKTOP-0AH7QP1"
	OSRelease=" Personal"
	OSVersion=" (Build 22621)"
	OSPlatform="AMD64"
	Is64Bits="1"
	VendorString="GenuineIntel"
	VendorID="Intel Corporation"
	FamilyID="6"
	ModelID="14"
	ProcessorCacheSize="-1"
	NumberOfLogicalCPU="12"
	NumberOfPhysicalCPU="6"
	TotalVirtualMemory="34740"
	TotalPhysicalMemory="16235"
	LogicalProcessorsPerPhysical="2"
	ProcessorClockFrequency="2208"
	>
	<Testing>
		<StartDateTime>Jan 06 00:22 W. Central Africa Standard Time</StartDateTime>
		<StartTestTime>1704496964</StartTestTime>
		<TestList/>
		<EndDateTime>Jan 06 00:22 W. Central Africa Standard Time</EndDateTime>
		<EndTestTime>1704496964</EndTestTime>
		<ElapsedMinutes>0</ElapsedMinutes>
	</Testing>
</Site>
